<?xml version="1.0" encoding="UTF-8"?>
<testsuite xmlns:xsi="http://www.w3.org/2001/XMLSchema-instance" xsi:schemaLocation="https://maven.apache.org/surefire/maven-surefire-plugin/xsd/surefire-test-report.xsd" name="workflow1.Ecom2.RunnerTest" time="173.518" tests="55" errors="0" skipped="0" failures="0">
  <properties>
    <property name="java.runtime.name" value="Java(TM) SE Runtime Environment"/>
    <property name="sun.boot.library.path" value="C:\Program Files\Java\jdk1.8.0_211\jre\bin"/>
    <property name="java.vm.version" value="25.211-b12"/>
    <property name="java.vm.vendor" value="Oracle Corporation"/>
    <property name="maven.multiModuleProjectDirectory" value="C:\Selenium\Workspace\Ecom2"/>
    <property name="java.vendor.url" value="http://java.oracle.com/"/>
    <property name="path.separator" value=";"/>
    <property name="guice.disable.misplaced.annotation.check" value="true"/>
    <property name="java.vm.name" value="Java HotSpot(TM) 64-Bit Server VM"/>
    <property name="file.encoding.pkg" value="sun.io"/>
    <property name="user.script" value=""/>
    <property name="user.country" value="GB"/>
    <property name="sun.java.launcher" value="SUN_STANDARD"/>
    <property name="sun.os.patch.level" value=""/>
    <property name="java.vm.specification.name" value="Java Virtual Machine Specification"/>
    <property name="user.dir" value="C:\Selenium\Workspace\Ecom2"/>
    <property name="java.runtime.version" value="1.8.0_211-b12"/>
    <property name="java.awt.graphicsenv" value="sun.awt.Win32GraphicsEnvironment"/>
    <property name="java.endorsed.dirs" value="C:\Program Files\Java\jdk1.8.0_211\jre\lib\endorsed"/>
    <property name="os.arch" value="amd64"/>
    <property name="java.io.tmpdir" value="C:\Users\JB\AppData\Local\Temp\"/>
    <property name="line.separator" value="&#10;"/>
    <property name="java.vm.specification.vendor" value="Oracle Corporation"/>
    <property name="user.variant" value=""/>
    <property name="os.name" value="Windows 10"/>
    <property name="classworlds.conf" value="C:\Selenium\apache-maven-3.6.1\bin\..\bin\m2.conf"/>
    <property name="sun.jnu.encoding" value="Cp1252"/>
    <property name="java.library.path" value="C:\Program Files\Java\jdk1.8.0_211\bin;C:\WINDOWS\Sun\Java\bin;C:\WINDOWS\system32;C:\WINDOWS;C:\Program Files (x86)\Common Files\Oracle\Java\javapath;C:\Program Files\Amazon Corretto\jdk11.0.3_7\bin;C:\Program Files (x86)\Intel\TXE Components\iCLS\;C:\Program Files\Intel\TXE Components\iCLS\;C:\WINDOWS\system32;C:\WINDOWS;C:\WINDOWS\System32\Wbem;C:\WINDOWS\System32\WindowsPowerShell\v1.0\;C:\Program Files\Intel\TXE Components\DAL\;C:\Program Files (x86)\Intel\TXE Components\DAL\;C:\Program Files\Intel\TXE Components\IPT\;C:\Program Files (x86)\Intel\TXE Components\IPT\;C:\WINDOWS\System32\OpenSSH\;C:\Selenium\apache-maven-3.6.1\bin;C:\Selenium\apache-maven-3.6.1\bin;C:\Program Files\Java\jdk1.8.0_211;C:\Program Files\Git\cmd;C:\Users\JB\AppData\Local\Microsoft\WindowsApps;C:\Selenium\apache-maven-3.6.1\bin;;."/>
    <property name="maven.conf" value="C:\Selenium\apache-maven-3.6.1\bin\../conf"/>
    <property name="java.specification.name" value="Java Platform API Specification"/>
    <property name="java.class.version" value="52.0"/>
    <property name="sun.management.compiler" value="HotSpot 64-Bit Tiered Compilers"/>
    <property name="os.version" value="10.0"/>
    <property name="library.jansi.path" value="C:\Selenium\apache-maven-3.6.1\bin\..\lib\jansi-native"/>
    <property name="user.home" value="C:\Users\JB"/>
    <property name="user.timezone" value="Europe/London"/>
    <property name="java.awt.printerjob" value="sun.awt.windows.WPrinterJob"/>
    <property name="java.specification.version" value="1.8"/>
    <property name="file.encoding" value="Cp1252"/>
    <property name="user.name" value="JB"/>
    <property name="java.class.path" value="C:\Selenium\apache-maven-3.6.1\bin\..\boot\plexus-classworlds-2.6.0.jar"/>
    <property name="java.vm.specification.version" value="1.8"/>
    <property name="sun.arch.data.model" value="64"/>
    <property name="java.home" value="C:\Program Files\Java\jdk1.8.0_211\jre"/>
    <property name="sun.java.command" value="org.codehaus.plexus.classworlds.launcher.Launcher clean test"/>
    <property name="java.specification.vendor" value="Oracle Corporation"/>
    <property name="user.language" value="en"/>
    <property name="awt.toolkit" value="sun.awt.windows.WToolkit"/>
    <property name="java.vm.info" value="mixed mode"/>
    <property name="java.version" value="1.8.0_211"/>
    <property name="java.ext.dirs" value="C:\Program Files\Java\jdk1.8.0_211\jre\lib\ext;C:\WINDOWS\Sun\Java\lib\ext"/>
    <property name="sun.boot.class.path" value="C:\Program Files\Java\jdk1.8.0_211\jre\lib\resources.jar;C:\Program Files\Java\jdk1.8.0_211\jre\lib\rt.jar;C:\Program Files\Java\jdk1.8.0_211\jre\lib\sunrsasign.jar;C:\Program Files\Java\jdk1.8.0_211\jre\lib\jsse.jar;C:\Program Files\Java\jdk1.8.0_211\jre\lib\jce.jar;C:\Program Files\Java\jdk1.8.0_211\jre\lib\charsets.jar;C:\Program Files\Java\jdk1.8.0_211\jre\lib\jfr.jar;C:\Program Files\Java\jdk1.8.0_211\jre\classes"/>
    <property name="sun.stderr.encoding" value="cp437"/>
    <property name="java.vendor" value="Oracle Corporation"/>
    <property name="maven.home" value="C:\Selenium\apache-maven-3.6.1\bin\.."/>
    <property name="file.separator" value="\"/>
    <property name="java.vendor.url.bug" value="http://bugreport.sun.com/bugreport/"/>
    <property name="sun.cpu.endian" value="little"/>
    <property name="sun.io.unicode.encoding" value="UnicodeLittle"/>
    <property name="sun.stdout.encoding" value="cp437"/>
    <property name="sun.desktop" value="windows"/>
    <property name="sun.cpu.isalist" value="amd64"/>
  </properties>
  <testcase name="Given I go to the Home Page" classname="Scenario: As a user I want to see if I can still login even though I have forgotten my password" time="0"/>
  <testcase name="And I click the login link" classname="Scenario: As a user I want to see if I can still login even though I have forgotten my password" time="0"/>
  <testcase name="And I click on the forgot your password link" classname="Scenario: As a user I want to see if I can still login even though I have forgotten my password" time="0"/>
  <testcase name="When I enter my email in the enter email field" classname="Scenario: As a user I want to see if I can still login even though I have forgotten my password" time="0"/>
  <testcase name="Then I click reset password" classname="Scenario: As a user I want to see if I can still login even though I have forgotten my password" time="0"/>
  <testcase name="Scenario: As a user I want to see if I can still login even though I have forgotten my password" classname="Scenario: As a user I want to see if I can still login even though I have forgotten my password" time="0"/>
  <testcase name="Given I go to the Home Page" classname="| jotesanya97@gmail.com |  | Invalid request |" time="0"/>
  <testcase name="And I click the login link" classname="| jotesanya97@gmail.com |  | Invalid request |" time="0"/>
  <testcase name="And I enter my email &quot;jotesanya97@gmail.com&quot; address" classname="| jotesanya97@gmail.com |  | Invalid request |" time="0"/>
  <testcase name="And I enter my password &quot;&quot;" classname="| jotesanya97@gmail.com |  | Invalid request |" time="0"/>
  <testcase name="When I click the login button" classname="| jotesanya97@gmail.com |  | Invalid request |" time="0"/>
  <testcase name="Then I want to see an error &quot;Invalid request&quot; error message details" classname="| jotesanya97@gmail.com |  | Invalid request |" time="0"/>
  <testcase name="| jotesanya97@gmail.com |  | Invalid request |" classname="| jotesanya97@gmail.com |  | Invalid request |" time="0"/>
  <testcase name="Given I go to the Home Page" classname="|  | Bababinraders1 | Invalid request |" time="0"/>
  <testcase name="And I click the login link" classname="|  | Bababinraders1 | Invalid request |" time="0"/>
  <testcase name="And I enter my email &quot;&quot; address" classname="|  | Bababinraders1 | Invalid request |" time="0"/>
  <testcase name="And I enter my password &quot;Bababinraders1&quot;" classname="|  | Bababinraders1 | Invalid request |" time="0"/>
  <testcase name="When I click the login button" classname="|  | Bababinraders1 | Invalid request |" time="0"/>
  <testcase name="Then I want to see an error &quot;Invalid request&quot; error message details" classname="|  | Bababinraders1 | Invalid request |" time="0"/>
  <testcase name="|  | Bababinraders1 | Invalid request |" classname="|  | Bababinraders1 | Invalid request |" time="0"/>
  <testcase name="Given I go to the Home Page" classname="| jotesanya97@gmail.com | yeezus | Invalid login |" time="0"/>
  <testcase name="And I click the login link" classname="| jotesanya97@gmail.com | yeezus | Invalid login |" time="0"/>
  <testcase name="And I enter my email &quot;jotesanya97@gmail.com&quot; address" classname="| jotesanya97@gmail.com | yeezus | Invalid login |" time="0"/>
  <testcase name="And I enter my password &quot;yeezus&quot;" classname="| jotesanya97@gmail.com | yeezus | Invalid login |" time="0"/>
  <testcase name="When I click the login button" classname="| jotesanya97@gmail.com | yeezus | Invalid login |" time="0"/>
  <testcase name="Then I want to see an error &quot;Invalid login&quot; error message details" classname="| jotesanya97@gmail.com | yeezus | Invalid login |" time="0"/>
  <testcase name="| jotesanya97@gmail.com | yeezus | Invalid login |" classname="| jotesanya97@gmail.com | yeezus | Invalid login |" time="0"/>
  <testcase name="Given I go to the Home Page" classname="| xxxxxxxxxx@gmail.com | Bababinraders1 | Invalid login |" time="0"/>
  <testcase name="And I click the login link" classname="| xxxxxxxxxx@gmail.com | Bababinraders1 | Invalid login |" time="0"/>
  <testcase name="And I enter my email &quot;xxxxxxxxxx@gmail.com&quot; address" classname="| xxxxxxxxxx@gmail.com | Bababinraders1 | Invalid login |" time="0"/>
  <testcase name="And I enter my password &quot;Bababinraders1&quot;" classname="| xxxxxxxxxx@gmail.com | Bababinraders1 | Invalid login |" time="0"/>
  <testcase name="When I click the login button" classname="| xxxxxxxxxx@gmail.com | Bababinraders1 | Invalid login |" time="0"/>
  <testcase name="Then I want to see an error &quot;Invalid login&quot; error message details" classname="| xxxxxxxxxx@gmail.com | Bababinraders1 | Invalid login |" time="0"/>
  <testcase name="| xxxxxxxxxx@gmail.com | Bababinraders1 | Invalid login |" classname="| xxxxxxxxxx@gmail.com | Bababinraders1 | Invalid login |" time="0"/>
  <testcase name="Given I go to the Home Page" classname="|  |  | Invalid request |" time="0"/>
  <testcase name="And I click the login link" classname="|  |  | Invalid request |" time="0"/>
  <testcase name="And I enter my email &quot;&quot; address" classname="|  |  | Invalid request |" time="0"/>
  <testcase name="And I enter my password &quot;&quot;" classname="|  |  | Invalid request |" time="0"/>
  <testcase name="When I click the login button" classname="|  |  | Invalid request |" time="0"/>
  <testcase name="Then I want to see an error &quot;Invalid request&quot; error message details" classname="|  |  | Invalid request |" time="0"/>
  <testcase name="|  |  | Invalid request |" classname="|  |  | Invalid request |" time="0"/>
  <testcase name="Given I go to the Home Page" classname="| jotesanya97@gmail.com | Bababinraders1 | James Otesanya |" time="0"/>
  <testcase name="And I click the login link" classname="| jotesanya97@gmail.com | Bababinraders1 | James Otesanya |" time="0"/>
  <testcase name="And I enter my email &quot;jotesanya97@gmail.com&quot; address" classname="| jotesanya97@gmail.com | Bababinraders1 | James Otesanya |" time="0"/>
  <testcase name="And I enter my password &quot;Bababinraders1&quot;" classname="| jotesanya97@gmail.com | Bababinraders1 | James Otesanya |" time="0"/>
  <testcase name="When I click the login button" classname="| jotesanya97@gmail.com | Bababinraders1 | James Otesanya |" time="0"/>
  <testcase name="Then I verify that &quot;James Otesanya&quot; is logged in" classname="| jotesanya97@gmail.com | Bababinraders1 | James Otesanya |" time="0"/>
  <testcase name="And I sign out" classname="| jotesanya97@gmail.com | Bababinraders1 | James Otesanya |" time="0"/>
  <testcase name="| jotesanya97@gmail.com | Bababinraders1 | James Otesanya |" classname="| jotesanya97@gmail.com | Bababinraders1 | James Otesanya |" time="0"/>
  <testcase name="Given I go to the Home Page" classname="| mike | dean | Today01 | mike dean |" time="0"/>
  <testcase name="And I click the sign up button" classname="| mike | dean | Today01 | mike dean |" time="0"/>
  <testcase name="And I enter my new email address" classname="| mike | dean | Today01 | mike dean |" time="0"/>
  <testcase name="And I enter my phone number" classname="| mike | dean | Today01 | mike dean |" time="0"/>
  <testcase name="And I verify my phone number via text message" classname="| mike | dean | Today01 | mike dean |" time="0"/>
  <testcase name="| mike | dean | Today01 | mike dean |" classname="| mike | dean | Today01 | mike dean |" time="0.004"/>
</testsuite>