<?xml version="1.0" encoding="UTF-8"?>
<testsuite xmlns:xsi="http://www.w3.org/2001/XMLSchema-instance" xsi:schemaLocation="https://maven.apache.org/surefire/maven-surefire-plugin/xsd/surefire-test-report.xsd" name="workflow1.Next.RunnerTest" time="254.975" tests="81" errors="0" skipped="0" failures="0">
  <properties>
    <property name="java.runtime.name" value="Java(TM) SE Runtime Environment"/>
    <property name="sun.boot.library.path" value="C:\Program Files\Java\jdk1.8.0_211\jre\bin"/>
    <property name="java.vm.version" value="25.211-b12"/>
    <property name="java.vm.vendor" value="Oracle Corporation"/>
    <property name="maven.multiModuleProjectDirectory" value="C:\Selenium\Workspace\Next"/>
    <property name="java.vendor.url" value="http://java.oracle.com/"/>
    <property name="path.separator" value=";"/>
    <property name="guice.disable.misplaced.annotation.check" value="true"/>
    <property name="java.vm.name" value="Java HotSpot(TM) 64-Bit Server VM"/>
    <property name="file.encoding.pkg" value="sun.io"/>
    <property name="user.script" value=""/>
    <property name="user.country" value="GB"/>
    <property name="sun.java.launcher" value="SUN_STANDARD"/>
    <property name="sun.os.patch.level" value=""/>
    <property name="java.vm.specification.name" value="Java Virtual Machine Specification"/>
    <property name="user.dir" value="C:\Selenium\Workspace\Next"/>
    <property name="java.runtime.version" value="1.8.0_211-b12"/>
    <property name="java.awt.graphicsenv" value="sun.awt.Win32GraphicsEnvironment"/>
    <property name="java.endorsed.dirs" value="C:\Program Files\Java\jdk1.8.0_211\jre\lib\endorsed"/>
    <property name="os.arch" value="amd64"/>
    <property name="java.io.tmpdir" value="C:\Users\JB\AppData\Local\Temp\"/>
    <property name="line.separator" value="&#10;"/>
    <property name="java.vm.specification.vendor" value="Oracle Corporation"/>
    <property name="user.variant" value=""/>
    <property name="os.name" value="Windows 10"/>
    <property name="classworlds.conf" value="C:\Selenium\apache-maven-3.6.1\bin\..\bin\m2.conf"/>
    <property name="sun.jnu.encoding" value="Cp1252"/>
    <property name="java.library.path" value="C:\Program Files\Java\jdk1.8.0_211\bin;C:\WINDOWS\Sun\Java\bin;C:\WINDOWS\system32;C:\WINDOWS;C:\Program Files (x86)\Common Files\Oracle\Java\javapath;C:\Program Files\Amazon Corretto\jdk11.0.3_7\bin;C:\Program Files (x86)\Intel\TXE Components\iCLS\;C:\Program Files\Intel\TXE Components\iCLS\;C:\WINDOWS\system32;C:\WINDOWS;C:\WINDOWS\System32\Wbem;C:\WINDOWS\System32\WindowsPowerShell\v1.0\;C:\Program Files\Intel\TXE Components\DAL\;C:\Program Files (x86)\Intel\TXE Components\DAL\;C:\Program Files\Intel\TXE Components\IPT\;C:\Program Files (x86)\Intel\TXE Components\IPT\;C:\WINDOWS\System32\OpenSSH\;C:\Selenium\apache-maven-3.6.1\bin;C:\Selenium\apache-maven-3.6.1\bin;C:\Program Files\Java\jdk1.8.0_211;C:\Program Files\Git\cmd;C:\Users\JB\AppData\Local\Microsoft\WindowsApps;C:\Selenium\apache-maven-3.6.1\bin;;."/>
    <property name="maven.conf" value="C:\Selenium\apache-maven-3.6.1\bin\../conf"/>
    <property name="java.specification.name" value="Java Platform API Specification"/>
    <property name="java.class.version" value="52.0"/>
    <property name="sun.management.compiler" value="HotSpot 64-Bit Tiered Compilers"/>
    <property name="os.version" value="10.0"/>
    <property name="library.jansi.path" value="C:\Selenium\apache-maven-3.6.1\bin\..\lib\jansi-native"/>
    <property name="user.home" value="C:\Users\JB"/>
    <property name="user.timezone" value="Europe/London"/>
    <property name="java.awt.printerjob" value="sun.awt.windows.WPrinterJob"/>
    <property name="java.specification.version" value="1.8"/>
    <property name="file.encoding" value="Cp1252"/>
    <property name="user.name" value="JB"/>
    <property name="java.class.path" value="C:\Selenium\apache-maven-3.6.1\bin\..\boot\plexus-classworlds-2.6.0.jar"/>
    <property name="java.vm.specification.version" value="1.8"/>
    <property name="sun.arch.data.model" value="64"/>
    <property name="java.home" value="C:\Program Files\Java\jdk1.8.0_211\jre"/>
    <property name="sun.java.command" value="org.codehaus.plexus.classworlds.launcher.Launcher clean test"/>
    <property name="java.specification.vendor" value="Oracle Corporation"/>
    <property name="user.language" value="en"/>
    <property name="awt.toolkit" value="sun.awt.windows.WToolkit"/>
    <property name="java.vm.info" value="mixed mode"/>
    <property name="java.version" value="1.8.0_211"/>
    <property name="java.ext.dirs" value="C:\Program Files\Java\jdk1.8.0_211\jre\lib\ext;C:\WINDOWS\Sun\Java\lib\ext"/>
    <property name="sun.boot.class.path" value="C:\Program Files\Java\jdk1.8.0_211\jre\lib\resources.jar;C:\Program Files\Java\jdk1.8.0_211\jre\lib\rt.jar;C:\Program Files\Java\jdk1.8.0_211\jre\lib\sunrsasign.jar;C:\Program Files\Java\jdk1.8.0_211\jre\lib\jsse.jar;C:\Program Files\Java\jdk1.8.0_211\jre\lib\jce.jar;C:\Program Files\Java\jdk1.8.0_211\jre\lib\charsets.jar;C:\Program Files\Java\jdk1.8.0_211\jre\lib\jfr.jar;C:\Program Files\Java\jdk1.8.0_211\jre\classes"/>
    <property name="sun.stderr.encoding" value="cp437"/>
    <property name="java.vendor" value="Oracle Corporation"/>
    <property name="maven.home" value="C:\Selenium\apache-maven-3.6.1\bin\.."/>
    <property name="file.separator" value="\"/>
    <property name="java.vendor.url.bug" value="http://bugreport.sun.com/bugreport/"/>
    <property name="sun.cpu.endian" value="little"/>
    <property name="sun.io.unicode.encoding" value="UnicodeLittle"/>
    <property name="sun.stdout.encoding" value="cp437"/>
    <property name="sun.desktop" value="windows"/>
    <property name="sun.cpu.isalist" value="amd64"/>
  </properties>
  <testcase name="Given I go to the Home Page" classname="| jotesanya97@gmail.com | Today01 | James |" time="0.004"/>
  <testcase name="And I click my account" classname="| jotesanya97@gmail.com | Today01 | James |" time="0"/>
  <testcase name="And I enter my email &quot;jotesanya97@gmail.com&quot; address" classname="| jotesanya97@gmail.com | Today01 | James |" time="0"/>
  <testcase name="And I enter my password &quot;Today01&quot;" classname="| jotesanya97@gmail.com | Today01 | James |" time="0"/>
  <testcase name="And I click the sign in now button" classname="| jotesanya97@gmail.com | Today01 | James |" time="0"/>
  <testcase name="When I verify that &quot;James&quot; is logged in" classname="| jotesanya97@gmail.com | Today01 | James |" time="0"/>
  <testcase name="Then I sign out" classname="| jotesanya97@gmail.com | Today01 | James |" time="0"/>
  <testcase name="| jotesanya97@gmail.com | Today01 | James |" classname="| jotesanya97@gmail.com | Today01 | James |" time="0.001"/>
  <testcase name="Given I go to the Home Page" classname="| jotesanya97@gmail.com |  | Sorry, we have been unable to sign you in. |" time="0"/>
  <testcase name="And I click my account" classname="| jotesanya97@gmail.com |  | Sorry, we have been unable to sign you in. |" time="0.001"/>
  <testcase name="And I clear the email input field" classname="| jotesanya97@gmail.com |  | Sorry, we have been unable to sign you in. |" time="0"/>
  <testcase name="And I enter my email &quot;jotesanya97@gmail.com&quot; address" classname="| jotesanya97@gmail.com |  | Sorry, we have been unable to sign you in. |" time="0"/>
  <testcase name="And I enter my password &quot;&quot;" classname="| jotesanya97@gmail.com |  | Sorry, we have been unable to sign you in. |" time="0"/>
  <testcase name="When I click the sign in now button" classname="| jotesanya97@gmail.com |  | Sorry, we have been unable to sign you in. |" time="0"/>
  <testcase name="Then I want to see an error &quot;Sorry, we have been unable to sign you in.&quot; error message details" classname="| jotesanya97@gmail.com |  | Sorry, we have been unable to sign you in. |" time="0"/>
  <testcase name="| jotesanya97@gmail.com |  | Sorry, we have been unable to sign you in. |" classname="| jotesanya97@gmail.com |  | Sorry, we have been unable to sign you in. |" time="0"/>
  <testcase name="Given I go to the Home Page" classname="|  | Bababinraders1 | Sorry, we have been unable to sign you in. |" time="0"/>
  <testcase name="And I click my account" classname="|  | Bababinraders1 | Sorry, we have been unable to sign you in. |" time="0"/>
  <testcase name="And I clear the email input field" classname="|  | Bababinraders1 | Sorry, we have been unable to sign you in. |" time="0"/>
  <testcase name="And I enter my email &quot;&quot; address" classname="|  | Bababinraders1 | Sorry, we have been unable to sign you in. |" time="0"/>
  <testcase name="And I enter my password &quot;Bababinraders1&quot;" classname="|  | Bababinraders1 | Sorry, we have been unable to sign you in. |" time="0.001"/>
  <testcase name="When I click the sign in now button" classname="|  | Bababinraders1 | Sorry, we have been unable to sign you in. |" time="0"/>
  <testcase name="Then I want to see an error &quot;Sorry, we have been unable to sign you in.&quot; error message details" classname="|  | Bababinraders1 | Sorry, we have been unable to sign you in. |" time="0"/>
  <testcase name="|  | Bababinraders1 | Sorry, we have been unable to sign you in. |" classname="|  | Bababinraders1 | Sorry, we have been unable to sign you in. |" time="0"/>
  <testcase name="Given I go to the Home Page" classname="| jotesanya97@gmail.com | yeezus | Sorry, we have been unable to sign you in. |" time="0"/>
  <testcase name="And I click my account" classname="| jotesanya97@gmail.com | yeezus | Sorry, we have been unable to sign you in. |" time="0"/>
  <testcase name="And I clear the email input field" classname="| jotesanya97@gmail.com | yeezus | Sorry, we have been unable to sign you in. |" time="0"/>
  <testcase name="And I enter my email &quot;jotesanya97@gmail.com&quot; address" classname="| jotesanya97@gmail.com | yeezus | Sorry, we have been unable to sign you in. |" time="0"/>
  <testcase name="And I enter my password &quot;yeezus&quot;" classname="| jotesanya97@gmail.com | yeezus | Sorry, we have been unable to sign you in. |" time="0"/>
  <testcase name="When I click the sign in now button" classname="| jotesanya97@gmail.com | yeezus | Sorry, we have been unable to sign you in. |" time="0"/>
  <testcase name="Then I want to see an error &quot;Sorry, we have been unable to sign you in.&quot; error message details" classname="| jotesanya97@gmail.com | yeezus | Sorry, we have been unable to sign you in. |" time="0"/>
  <testcase name="| jotesanya97@gmail.com | yeezus | Sorry, we have been unable to sign you in. |" classname="| jotesanya97@gmail.com | yeezus | Sorry, we have been unable to sign you in. |" time="0"/>
  <testcase name="Given I go to the Home Page" classname="| xxxxxxxxxx@gmail.com | Bababinraders1 | Sorry, we have been unable to sign you in. |" time="0"/>
  <testcase name="And I click my account" classname="| xxxxxxxxxx@gmail.com | Bababinraders1 | Sorry, we have been unable to sign you in. |" time="0"/>
  <testcase name="And I clear the email input field" classname="| xxxxxxxxxx@gmail.com | Bababinraders1 | Sorry, we have been unable to sign you in. |" time="0"/>
  <testcase name="And I enter my email &quot;xxxxxxxxxx@gmail.com&quot; address" classname="| xxxxxxxxxx@gmail.com | Bababinraders1 | Sorry, we have been unable to sign you in. |" time="0"/>
  <testcase name="And I enter my password &quot;Bababinraders1&quot;" classname="| xxxxxxxxxx@gmail.com | Bababinraders1 | Sorry, we have been unable to sign you in. |" time="0"/>
  <testcase name="When I click the sign in now button" classname="| xxxxxxxxxx@gmail.com | Bababinraders1 | Sorry, we have been unable to sign you in. |" time="0"/>
  <testcase name="Then I want to see an error &quot;Sorry, we have been unable to sign you in.&quot; error message details" classname="| xxxxxxxxxx@gmail.com | Bababinraders1 | Sorry, we have been unable to sign you in. |" time="0"/>
  <testcase name="| xxxxxxxxxx@gmail.com | Bababinraders1 | Sorry, we have been unable to sign you in. |" classname="| xxxxxxxxxx@gmail.com | Bababinraders1 | Sorry, we have been unable to sign you in. |" time="0"/>
  <testcase name="Given I go to the Home Page" classname="|  |  | Sorry, we have been unable to sign you in. |" time="0"/>
  <testcase name="And I click my account" classname="|  |  | Sorry, we have been unable to sign you in. |" time="0"/>
  <testcase name="And I clear the email input field" classname="|  |  | Sorry, we have been unable to sign you in. |" time="0"/>
  <testcase name="And I enter my email &quot;&quot; address" classname="|  |  | Sorry, we have been unable to sign you in. |" time="0"/>
  <testcase name="And I enter my password &quot;&quot;" classname="|  |  | Sorry, we have been unable to sign you in. |" time="0"/>
  <testcase name="When I click the sign in now button" classname="|  |  | Sorry, we have been unable to sign you in. |" time="0"/>
  <testcase name="Then I want to see an error &quot;Sorry, we have been unable to sign you in.&quot; error message details" classname="|  |  | Sorry, we have been unable to sign you in. |" time="0"/>
  <testcase name="|  |  | Sorry, we have been unable to sign you in. |" classname="|  |  | Sorry, we have been unable to sign you in. |" time="0"/>
  <testcase name="Given I go to the Home Page" classname="| mike | dean | Today01 | Mike |" time="0"/>
  <testcase name="And I click my account" classname="| mike | dean | Today01 | Mike |" time="0"/>
  <testcase name="And I click continue on the new customers side" classname="| mike | dean | Today01 | Mike |" time="0.001"/>
  <testcase name="And I enter my title" classname="| mike | dean | Today01 | Mike |" time="0"/>
  <testcase name="And I enter a firstname &quot;mike&quot;" classname="| mike | dean | Today01 | Mike |" time="0"/>
  <testcase name="And I enter a lastname &quot;dean&quot;" classname="| mike | dean | Today01 | Mike |" time="0"/>
  <testcase name="And I enter my email address" classname="| mike | dean | Today01 | Mike |" time="0"/>
  <testcase name="And I enter my password" classname="| mike | dean | Today01 | Mike |" time="0"/>
  <testcase name="And I enter my date of birth" classname="| mike | dean | Today01 | Mike |" time="0.001"/>
  <testcase name="And I enter my contact telephone number" classname="| mike | dean | Today01 | Mike |" time="0"/>
  <testcase name="And I enter my house number or name" classname="| mike | dean | Today01 | Mike |" time="0"/>
  <testcase name="And I enter my postcode" classname="| mike | dean | Today01 | Mike |" time="0"/>
  <testcase name="And I click search" classname="| mike | dean | Today01 | Mike |" time="0"/>
  <testcase name="And I click no" classname="| mike | dean | Today01 | Mike |" time="0"/>
  <testcase name="And I click on the post tick box" classname="| mike | dean | Today01 | Mike |" time="0"/>
  <testcase name="And I click on the telephone tickbox" classname="| mike | dean | Today01 | Mike |" time="0"/>
  <testcase name="And I click on the SMS tickbox" classname="| mike | dean | Today01 | Mike |" time="0.001"/>
  <testcase name="And I click on the Email tickbox" classname="| mike | dean | Today01 | Mike |" time="0"/>
  <testcase name="And I click register my account" classname="| mike | dean | Today01 | Mike |" time="0"/>
  <testcase name="And I click continue and register" classname="| mike | dean | Today01 | Mike |" time="0"/>
  <testcase name="And I click shop now" classname="| mike | dean | Today01 | Mike |" time="0.001"/>
  <testcase name="When I verify that &quot;Mike&quot; is logged in" classname="| mike | dean | Today01 | Mike |" time="0"/>
  <testcase name="Then I sign out" classname="| mike | dean | Today01 | Mike |" time="0"/>
  <testcase name="| mike | dean | Today01 | Mike |" classname="| mike | dean | Today01 | Mike |" time="0"/>
  <testcase name="Given I go to the Home Page" classname="| jotesanya97@gmail.com | Today01 | James Otesanya |" time="0"/>
  <testcase name="And I click my account" classname="| jotesanya97@gmail.com | Today01 | James Otesanya |" time="0"/>
  <testcase name="And I enter my email &quot;jotesanya97@gmail.com&quot; address" classname="| jotesanya97@gmail.com | Today01 | James Otesanya |" time="0"/>
  <testcase name="And I enter my password &quot;Today01&quot;" classname="| jotesanya97@gmail.com | Today01 | James Otesanya |" time="0"/>
  <testcase name="And I click the sign in now button" classname="| jotesanya97@gmail.com | Today01 | James Otesanya |" time="0"/>
  <testcase name="And I type &quot;Shoes&quot; in the search input box" classname="| jotesanya97@gmail.com | Today01 | James Otesanya |" time="0"/>
  <testcase name="When I click on the search button" classname="| jotesanya97@gmail.com | Today01 | James Otesanya |" time="0"/>
  <testcase name="Then I click on the item I want" classname="| jotesanya97@gmail.com | Today01 | James Otesanya |" time="0.001"/>
  <testcase name="| jotesanya97@gmail.com | Today01 | James Otesanya |" classname="| jotesanya97@gmail.com | Today01 | James Otesanya |" time="0.002"/>
</testsuite>